0 info it worked if it ends with ok
1 verbose cli [ 'C:\\UserTemp\\nodejs\\node.exe',
1 verbose cli   'C:\\UserTemp\\nodejs\\node_modules\\npm\\bin\\npm-cli.js',
1 verbose cli   'i',
1 verbose cli   'angular-pickadate',
1 verbose cli   '--save' ]
2 info using npm@3.10.3
3 info using node@v6.2.2
4 silly loadCurrentTree Starting
5 silly install loadCurrentTree
6 silly install readLocalPackageData
7 silly fetchPackageMetaData angular-pickadate
8 silly fetchNamedPackageData angular-pickadate
9 silly mapToRegistry name angular-pickadate
10 silly mapToRegistry using default registry
11 silly mapToRegistry registry http://stal010l.bgl.lu:8081/nexus/content/groups/Npm-all
12 silly mapToRegistry data Result {
12 silly mapToRegistry   raw: 'angular-pickadate',
12 silly mapToRegistry   scope: null,
12 silly mapToRegistry   escapedName: 'angular-pickadate',
12 silly mapToRegistry   name: 'angular-pickadate',
12 silly mapToRegistry   rawSpec: '',
12 silly mapToRegistry   spec: 'latest',
12 silly mapToRegistry   type: 'tag' }
13 silly mapToRegistry uri http://stal010l.bgl.lu:8081/nexus/content/groups/Npm-all/angular-pickadate
14 verbose request uri http://stal010l.bgl.lu:8081/nexus/content/groups/Npm-all/angular-pickadate
15 verbose request always-auth set; sending authorization
16 info attempt registry request try #1 at 14:22:35
17 verbose request id 6084668de0a0e9a2
18 http request GET http://stal010l.bgl.lu:8081/nexus/content/groups/Npm-all/angular-pickadate
19 http 404 http://stal010l.bgl.lu:8081/nexus/content/groups/Npm-all/angular-pickadate
20 verbose bad json <html>
20 verbose bad json   <head>
20 verbose bad json     <title>404 - Path /angular-pickadate not found in group repository &quot;Npm Repository Group&quot; [id=Npm-all].</title>
20 verbose bad json     <meta http-equiv="Content-Type" content="text/html; charset=utf-8"/>
20 verbose bad json
20 verbose bad json     <link rel="icon" type="image/png" href="http://stal010l.bgl.lu:8081/nexus/favicon.png">
20 verbose bad json     <!--[if IE]>
20 verbose bad json     <link rel="SHORTCUT ICON" href="http://stal010l.bgl.lu:8081/nexus/favicon.ico"/>
20 verbose bad json     <![endif]-->
20 verbose bad json
20 verbose bad json     <link rel="stylesheet" href="http://stal010l.bgl.lu:8081/nexus/static/css/Sonatype-content.css?2.11.4-01" type="text/css" media="screen" title="no title" charset="utf-8">
20 verbose bad json   </head>
20 verbose bad json   <body>
20 verbose bad json     <h1>404 - Path /angular-pickadate not found in group repository &quot;Npm Repository Group&quot; [id=Npm-all].</h1>
20 verbose bad json     <p>Path /angular-pickadate not found in group repository &quot;Npm Repository Group&quot; [id=Npm-all].</p>
20 verbose bad json   </body>
20 verbose bad json </html>
21 error registry error parsing json
22 verbose headers { date: 'Fri, 15 Jul 2016 12:22:35 GMT',
22 verbose headers   server: 'Nexus/2.11.4-01',
22 verbose headers   'x-frame-options': 'SAMEORIGIN',
22 verbose headers   'x-content-type-options': 'nosniff',
22 verbose headers   'accept-ranges': 'bytes',
22 verbose headers   'content-type': 'text/html',
22 verbose headers   'transfer-encoding': 'chunked' }
23 silly get cb [ 404,
23 silly get   { date: 'Fri, 15 Jul 2016 12:22:35 GMT',
23 silly get     server: 'Nexus/2.11.4-01',
23 silly get     'x-frame-options': 'SAMEORIGIN',
23 silly get     'x-content-type-options': 'nosniff',
23 silly get     'accept-ranges': 'bytes',
23 silly get     'content-type': 'text/html',
23 silly get     'transfer-encoding': 'chunked' } ]
24 silly fetchPackageMetaData SyntaxError: Unexpected token < in JSON at position 0
24 silly fetchPackageMetaData <html>
24 silly fetchPackageMetaData   <head>
24 silly fetchPackageMetaData     <title>404 - Path /angular-pickadate not found in group repository &quot;Npm Repository Group&quot; [id=Npm-all].</title>
24 silly fetchPackageMetaData     <meta http-equiv="Content-Type" content="text/html; charset=utf-8"/>
24 silly fetchPackageMetaData
24 silly fetchPackageMetaData     <link rel="icon" type="image/png" href="http://stal010l.bgl.lu:8081/nexus/favicon.png">
24 silly fetchPackageMetaData     <!--[if IE]>
24 silly fetchPackageMetaData     <link rel="SHORTCUT ICON" href="http://stal010l.bgl.lu:8081/nexus/favicon.ico"/>
24 silly fetchPackageMetaData     <![endif]-->
24 silly fetchPackageMetaData
24 silly fetchPackageMetaData     <link rel="stylesheet" href="http://stal010l.bgl.lu:8081/nexus/static/css/Sonatype-content.css?2.11.4-01" type="text/css" media="screen" title="no title" charset="utf-8">
24 silly fetchPackageMetaData   </head>
24 silly fetchPackageMetaData   <body>
24 silly fetchPackageMetaData     <h1>404 - Path /angular-pickadate not found in group repository &quot;Npm Repository Group&quot; [id=Npm-all].</h1>
24 silly fetchPackageMetaData     <p>Path /angular-pickadate not found in group repository &quot;Npm Repository Group&quot; [id=Npm-all].</p>
24 silly fetchPackageMetaData   </body>
24 silly fetchPackageMetaData </html>
24 silly fetchPackageMetaData
24 silly fetchPackageMetaData     at Object.parse (native)
24 silly fetchPackageMetaData     at CachingRegistryClient.<anonymous> (C:\UserTemp\nodejs\node_modules\npm\node_modules\npm-registry-client\lib\request.js:199:23)
24 silly fetchPackageMetaData     at Request._callback (C:\UserTemp\nodejs\node_modules\npm\node_modules\npm-registry-client\lib\request.js:172:14)
24 silly fetchPackageMetaData     at Request.self.callback (C:\UserTemp\nodejs\node_modules\npm\node_modules\request\request.js:200:22)
24 silly fetchPackageMetaData     at emitTwo (events.js:106:13)
24 silly fetchPackageMetaData     at Request.emit (events.js:191:7)
24 silly fetchPackageMetaData     at Request.<anonymous> (C:\UserTemp\nodejs\node_modules\npm\node_modules\request\request.js:1067:10)
24 silly fetchPackageMetaData     at emitOne (events.js:101:20)
24 silly fetchPackageMetaData     at Request.emit (events.js:188:7)
24 silly fetchPackageMetaData     at IncomingMessage.<anonymous> (C:\UserTemp\nodejs\node_modules\npm\node_modules\request\request.js:988:12)
24 silly fetchPackageMetaData  error for angular-pickadate SyntaxError: Unexpected token < in JSON at position 0
24 silly fetchPackageMetaData <html>
24 silly fetchPackageMetaData   <head>
24 silly fetchPackageMetaData     <title>404 - Path /angular-pickadate not found in group repository &quot;Npm Repository Group&quot; [id=Npm-all].</title>
24 silly fetchPackageMetaData     <meta http-equiv="Content-Type" content="text/html; charset=utf-8"/>
24 silly fetchPackageMetaData
24 silly fetchPackageMetaData     <link rel="icon" type="image/png" href="http://stal010l.bgl.lu:8081/nexus/favicon.png">
24 silly fetchPackageMetaData     <!--[if IE]>
24 silly fetchPackageMetaData     <link rel="SHORTCUT ICON" href="http://stal010l.bgl.lu:8081/nexus/favicon.ico"/>
24 silly fetchPackageMetaData     <![endif]-->
24 silly fetchPackageMetaData
24 silly fetchPackageMetaData     <link rel="stylesheet" href="http://stal010l.bgl.lu:8081/nexus/static/css/Sonatype-content.css?2.11.4-01" type="text/css" media="screen" title="no title" charset="utf-8">
24 silly fetchPackageMetaData   </head>
24 silly fetchPackageMetaData   <body>
24 silly fetchPackageMetaData     <h1>404 - Path /angular-pickadate not found in group repository &quot;Npm Repository Group&quot; [id=Npm-all].</h1>
24 silly fetchPackageMetaData     <p>Path /angular-pickadate not found in group repository &quot;Npm Repository Group&quot; [id=Npm-all].</p>
24 silly fetchPackageMetaData   </body>
24 silly fetchPackageMetaData </html>
24 silly fetchPackageMetaData
24 silly fetchPackageMetaData     at Object.parse (native)
24 silly fetchPackageMetaData     at CachingRegistryClient.<anonymous> (C:\UserTemp\nodejs\node_modules\npm\node_modules\npm-registry-client\lib\request.js:199:23)
24 silly fetchPackageMetaData     at Request._callback (C:\UserTemp\nodejs\node_modules\npm\node_modules\npm-registry-client\lib\request.js:172:14)
24 silly fetchPackageMetaData     at Request.self.callback (C:\UserTemp\nodejs\node_modules\npm\node_modules\request\request.js:200:22)
24 silly fetchPackageMetaData     at emitTwo (events.js:106:13)
24 silly fetchPackageMetaData     at Request.emit (events.js:191:7)
24 silly fetchPackageMetaData     at Request.<anonymous> (C:\UserTemp\nodejs\node_modules\npm\node_modules\request\request.js:1067:10)
24 silly fetchPackageMetaData     at emitOne (events.js:101:20)
24 silly fetchPackageMetaData     at Request.emit (events.js:188:7)
24 silly fetchPackageMetaData     at IncomingMessage.<anonymous> (C:\UserTemp\nodejs\node_modules\npm\node_modules\request\request.js:988:12)
25 silly rollbackFailedOptional Starting
26 silly rollbackFailedOptional Finishing
27 silly runTopLevelLifecycles Starting
28 silly runTopLevelLifecycles Finishing
29 silly install printInstalled
30 verbose stack SyntaxError: Unexpected token < in JSON at position 0
30 verbose stack <html>
30 verbose stack   <head>
30 verbose stack     <title>404 - Path /angular-pickadate not found in group repository &quot;Npm Repository Group&quot; [id=Npm-all].</title>
30 verbose stack     <meta http-equiv="Content-Type" content="text/html; charset=utf-8"/>
30 verbose stack
30 verbose stack     <link rel="icon" type="image/png" href="http://stal010l.bgl.lu:8081/nexus/favicon.png">
30 verbose stack     <!--[if IE]>
30 verbose stack     <link rel="SHORTCUT ICON" href="http://stal010l.bgl.lu:8081/nexus/favicon.ico"/>
30 verbose stack     <![endif]-->
30 verbose stack
30 verbose stack     <link rel="stylesheet" href="http://stal010l.bgl.lu:8081/nexus/static/css/Sonatype-content.css?2.11.4-01" type="text/css" media="screen" title="no title" charset="utf-8">
30 verbose stack   </head>
30 verbose stack   <body>
30 verbose stack     <h1>404 - Path /angular-pickadate not found in group repository &quot;Npm Repository Group&quot; [id=Npm-all].</h1>
30 verbose stack     <p>Path /angular-pickadate not found in group repository &quot;Npm Repository Group&quot; [id=Npm-all].</p>
30 verbose stack   </body>
30 verbose stack </html>
30 verbose stack
30 verbose stack     at Object.parse (native)
30 verbose stack     at CachingRegistryClient.<anonymous> (C:\UserTemp\nodejs\node_modules\npm\node_modules\npm-registry-client\lib\request.js:199:23)
30 verbose stack     at Request._callback (C:\UserTemp\nodejs\node_modules\npm\node_modules\npm-registry-client\lib\request.js:172:14)
30 verbose stack     at Request.self.callback (C:\UserTemp\nodejs\node_modules\npm\node_modules\request\request.js:200:22)
30 verbose stack     at emitTwo (events.js:106:13)
30 verbose stack     at Request.emit (events.js:191:7)
30 verbose stack     at Request.<anonymous> (C:\UserTemp\nodejs\node_modules\npm\node_modules\request\request.js:1067:10)
30 verbose stack     at emitOne (events.js:101:20)
30 verbose stack     at Request.emit (events.js:188:7)
30 verbose stack     at IncomingMessage.<anonymous> (C:\UserTemp\nodejs\node_modules\npm\node_modules\request\request.js:988:12)
31 verbose cwd C:\Projets\eagle
32 error Windows_NT 6.1.7601
33 error argv "C:\\UserTemp\\nodejs\\node.exe" "C:\\UserTemp\\nodejs\\node_modules\\npm\\bin\\npm-cli.js" "i" "angular-pickadate" "--save"
34 error node v6.2.2
35 error npm  v3.10.3
36 error Unexpected token < in JSON at position 0
36 error <html>
36 error   <head>
36 error     <title>404 - Path /angular-pickadate not found in group repository &quot;Npm Repository Group&quot; [id=Npm-all].</title>
36 error     <meta http-equiv="Content-Type" content="text/html; charset=utf-8"/>
36 error
36 error     <link rel="icon" type="image/png" href="http://stal010l.bgl.lu:8081/nexus/favicon.png">
36 error     <!--[if IE]>
36 error     <link rel="SHORTCUT ICON" href="http://stal010l.bgl.lu:8081/nexus/favicon.ico"/>
36 error     <![endif]-->
36 error
36 error     <link rel="stylesheet" href="http://stal010l.bgl.lu:8081/nexus/static/css/Sonatype-content.css?2.11.4-01" type="text/css" media="screen" title="no title" charset="utf-8">
36 error   </head>
36 error   <body>
36 error     <h1>404 - Path /angular-pickadate not found in group repository &quot;Npm Repository Group&quot; [id=Npm-all].</h1>
36 error     <p>Path /angular-pickadate not found in group repository &quot;Npm Repository Group&quot; [id=Npm-all].</p>
36 error   </body>
36 error </html>
37 error If you need help, you may report this error at:
37 error     <https://github.com/npm/npm/issues>
38 verbose exit [ 1, true ]
